{"name": "test_navigate_to_elements_page", "status": "failed", "statusDetails": {"message": "AssertionError: assert 'elements2' in 'https://demoqa.com/elements'\n +  where 'https://demoqa.com/elements' = <selenium.webdriver.chrome.webdriver.WebDriver (session=\"381e2455763550f855c7667745eb99d3\")>.current_url", "trace": "driver = <selenium.webdriver.chrome.webdriver.WebDriver (session=\"381e2455763550f855c7667745eb99d3\")>\n\n    def test_navigate_to_elements_page(driver):\n        \"\"\"Navega para a página de elementos.\"\"\"\n        driver.get(\"https://demoqa.com/elements\")\n>       assert \"elements2\" in driver.current_url\nE       assert 'elements2' in 'https://demoqa.com/elements'\nE        +  where 'https://demoqa.com/elements' = <selenium.webdriver.chrome.webdriver.WebDriver (session=\"381e2455763550f855c7667745eb99d3\")>.current_url\n\nDay2/test_elements.py:7: AssertionError"}, "description": "Navega para a página de elementos.", "attachments": [{"name": "stdout", "source": "25d652cf-f71b-4a10-a45f-6c380e1ce88b-attachment.txt", "type": "text/plain"}], "start": 1759025289847, "stop": 1759025296259, "uuid": "37b24b8f-1414-43b4-823d-b5902d9cf8a8", "historyId": "fcf9d40370a5e67cab4ac336523dfac8", "testCaseId": "fcf9d40370a5e67cab4ac336523dfac8", "fullName": "Day2.test_elements#test_navigate_to_elements_page", "labels": [{"name": "parentSuite", "value": "Day2"}, {"name": "suite", "value": "test_elements"}, {"name": "host", "value": "EU3146030016220.local"}, {"name": "thread", "value": "25376-MainThread"}, {"name": "framework", "value": "pytest"}, {"name": "language", "value": "cpython3"}, {"name": "package", "value": "Day2.test_elements"}], "titlePath": ["Day2", "test_elements.py"]}