{"name": "test_prompt_alert_dismiss", "status": "broken", "statusDetails": {"message": "selenium.common.exceptions.NoSuchElementException: Message: no such element: Unable to locate element: {\"method\":\"css selector\",\"selector\":\"[id=\"promptResult\"]\"}\n  (Session info: chrome=140.0.7339.208); For documentation on this error, please visit: https://www.selenium.dev/documentation/webdriver/troubleshooting/errors#nosuchelementexception\nStacktrace:\n0   chromedriver                        0x00000001103caf08 chromedriver + 5934856\n1   chromedriver                        0x00000001103c2c9a chromedriver + 5901466\n2   chromedriver                        0x000000010fe8eade chromedriver + 445150\n3   chromedriver                        0x000000010fee49e2 chromedriver + 797154\n4   chromedriver                        0x000000010fee4e51 chromedriver + 798289\n5   chromedriver                        0x000000010ff35184 chromedriver + 1126788\n6   chromedriver                        0x000000010ff0c75d chromedriver + 960349\n7   chromedriver                        0x000000010ff320e1 chromedriver + 1114337\n8   chromedriver                        0x000000010ff0c503 chromedriver + 959747\n9   chromedriver                        0x000000010fed5731 chromedriver + 735025\n10  chromedriver                        0x000000010fed6ee1 chromedriver + 741089\n11  chromedriver                        0x0000000110394360 chromedriver + 5710688\n12  chromedriver                        0x0000000110396c00 chromedriver + 5721088\n13  chromedriver                        0x000000011039677b chromedriver + 5719931\n14  chromedriver                        0x00000001103970a5 chromedriver + 5722277\n15  chromedriver                        0x0000000110379e97 chromedriver + 5602967\n16  chromedriver                        0x0000000110397372 chromedriver + 5722994\n17  chromedriver                        0x000000011036d584 chromedriver + 5551492\n18  chromedriver                        0x00000001103b2d28 chromedriver + 5836072\n19  chromedriver                        0x00000001103b2e85 chromedriver + 5836421\n20  chromedriver                        0x00000001103c2823 chromedriver + 5900323\n21  libsystem_pthread.dylib             0x00007ff81aad4e59 _pthread_start + 115\n22  libsystem_pthread.dylib             0x00007ff81aad0857 thread_start + 15", "trace": "setup_alerts_page = <pages.alert_pages.AlertsPage object at 0x111ef2a90>\n\n    @pytest.mark.alerts\n    def test_prompt_alert_dismiss(setup_alerts_page):\n        alerts_page = setup_alerts_page\n        alerts_page.click_button_prompt()\n        alerts_page.dismiss_alert()\n>       assert \"You entered\" not in alerts_page.get_prompt_result_text()\n\ntests/test_alert.py:54: \n_ _ _ _ _ _ _ _ _ _ _ _ _ _ _ _ _ _ _ _ _ _ _ _ _ _ _ _ _ _ _ _ _ _ _ _ _ _ _ _ _ _ _ _ _ _ _ _ _ _ _ _ _ _ _ _ _ _ _ _ _ _ _ _ _ _ _ _ _ _ _ _ _ _ _ _ _ _ _ _ _ _ _ _ _ _ _ _ _ _ _ _ _ _ _ _ _ _ _ _ _\npages/alert_pages.py:85: in get_prompt_result_text\n    return self.driver.find_element(*self.prompt_result).text\nmyproject/lib/python3.9/site-packages/selenium/webdriver/remote/webdriver.py:926: in find_element\n    return self.execute(Command.FIND_ELEMENT, {\"using\": by, \"value\": value})[\"value\"]\nmyproject/lib/python3.9/site-packages/selenium/webdriver/remote/webdriver.py:458: in execute\n    self.error_handler.check_response(response)\n_ _ _ _ _ _ _ _ _ _ _ _ _ _ _ _ _ _ _ _ _ _ _ _ _ _ _ _ _ _ _ _ _ _ _ _ _ _ _ _ _ _ _ _ _ _ _ _ _ _ _ _ _ _ _ _ _ _ _ _ _ _ _ _ _ _ _ _ _ _ _ _ _ _ _ _ _ _ _ _ _ _ _ _ _ _ _ _ _ _ _ _ _ _ _ _ _ _ _ _ _\n\nself = <selenium.webdriver.remote.errorhandler.ErrorHandler object at 0x111ef22b0>\nresponse = {'status': 404, 'value': '{\"value\":{\"error\":\"no such element\",\"message\":\"no such element: Unable to locate element: {\\...ff81aad4e59 _pthread_start + 115\\\\n22  libsystem_pthread.dylib             0x00007ff81aad0857 thread_start + 15\\\\n\"}}'}\n\n    def check_response(self, response: dict[str, Any]) -> None:\n        \"\"\"Checks that a JSON response from the WebDriver does not have an\n        error.\n    \n        :Args:\n         - response - The JSON response from the WebDriver server as a dictionary\n           object.\n    \n        :Raises: If the response contains an error message.\n        \"\"\"\n        status = response.get(\"status\", None)\n        if not status or status == ErrorCode.SUCCESS:\n            return\n        value = None\n        message = response.get(\"message\", \"\")\n        screen: str = response.get(\"screen\", \"\")\n        stacktrace = None\n        if isinstance(status, int):\n            value_json = response.get(\"value\", None)\n            if value_json and isinstance(value_json, str):\n                try:\n                    value = json.loads(value_json)\n                    if isinstance(value, dict):\n                        if len(value) == 1:\n                            value = value[\"value\"]\n                        status = value.get(\"error\", None)\n                        if not status:\n                            status = value.get(\"status\", ErrorCode.UNKNOWN_ERROR)\n                            message = value.get(\"value\") or value.get(\"message\")\n                            if not isinstance(message, str):\n                                value = message\n                                message = message.get(\"message\")\n                        else:\n                            message = value.get(\"message\", None)\n                except ValueError:\n                    pass\n    \n        exception_class: type[WebDriverException]\n        e = ErrorCode()\n        error_codes = [item for item in dir(e) if not item.startswith(\"__\")]\n        for error_code in error_codes:\n            error_info = getattr(ErrorCode, error_code)\n            if isinstance(error_info, list) and status in error_info:\n                exception_class = getattr(ExceptionMapping, error_code, WebDriverException)\n                break\n        else:\n            exception_class = WebDriverException\n    \n        if not value:\n            value = response[\"value\"]\n        if isinstance(value, str):\n            raise exception_class(value)\n        if message == \"\" and \"message\" in value:\n            message = value[\"message\"]\n    \n        screen = None  # type: ignore[assignment]\n        if \"screen\" in value:\n            screen = value[\"screen\"]\n    \n        stacktrace = None\n        st_value = value.get(\"stackTrace\") or value.get(\"stacktrace\")\n        if st_value:\n            if isinstance(st_value, str):\n                stacktrace = st_value.split(\"\\n\")\n            else:\n                stacktrace = []\n                try:\n                    for frame in st_value:\n                        line = frame.get(\"lineNumber\", \"\")\n                        file = frame.get(\"fileName\", \"<anonymous>\")\n                        if line:\n                            file = f\"{file}:{line}\"\n                        meth = frame.get(\"methodName\", \"<anonymous>\")\n                        if \"className\" in frame:\n                            meth = f\"{frame['className']}.{meth}\"\n                        msg = \"    at %s (%s)\"\n                        msg = msg % (meth, file)\n                        stacktrace.append(msg)\n                except TypeError:\n                    pass\n        if exception_class == UnexpectedAlertPresentException:\n            alert_text = None\n            if \"data\" in value:\n                alert_text = value[\"data\"].get(\"text\")\n            elif \"alert\" in value:\n                alert_text = value[\"alert\"].get(\"text\")\n            raise exception_class(message, screen, stacktrace, alert_text)  # type: ignore[call-arg]  # mypy is not smart enough here\n>       raise exception_class(message, screen, stacktrace)\nE       selenium.common.exceptions.NoSuchElementException: Message: no such element: Unable to locate element: {\"method\":\"css selector\",\"selector\":\"[id=\"promptResult\"]\"}\nE         (Session info: chrome=140.0.7339.208); For documentation on this error, please visit: https://www.selenium.dev/documentation/webdriver/troubleshooting/errors#nosuchelementexception\nE       Stacktrace:\nE       0   chromedriver                        0x00000001103caf08 chromedriver + 5934856\nE       1   chromedriver                        0x00000001103c2c9a chromedriver + 5901466\nE       2   chromedriver                        0x000000010fe8eade chromedriver + 445150\nE       3   chromedriver                        0x000000010fee49e2 chromedriver + 797154\nE       4   chromedriver                        0x000000010fee4e51 chromedriver + 798289\nE       5   chromedriver                        0x000000010ff35184 chromedriver + 1126788\nE       6   chromedriver                        0x000000010ff0c75d chromedriver + 960349\nE       7   chromedriver                        0x000000010ff320e1 chromedriver + 1114337\nE       8   chromedriver                        0x000000010ff0c503 chromedriver + 959747\nE       9   chromedriver                        0x000000010fed5731 chromedriver + 735025\nE       10  chromedriver                        0x000000010fed6ee1 chromedriver + 741089\nE       11  chromedriver                        0x0000000110394360 chromedriver + 5710688\nE       12  chromedriver                        0x0000000110396c00 chromedriver + 5721088\nE       13  chromedriver                        0x000000011039677b chromedriver + 5719931\nE       14  chromedriver                        0x00000001103970a5 chromedriver + 5722277\nE       15  chromedriver                        0x0000000110379e97 chromedriver + 5602967\nE       16  chromedriver                        0x0000000110397372 chromedriver + 5722994\nE       17  chromedriver                        0x000000011036d584 chromedriver + 5551492\nE       18  chromedriver                        0x00000001103b2d28 chromedriver + 5836072\nE       19  chromedriver                        0x00000001103b2e85 chromedriver + 5836421\nE       20  chromedriver                        0x00000001103c2823 chromedriver + 5900323\nE       21  libsystem_pthread.dylib             0x00007ff81aad4e59 _pthread_start + 115\nE       22  libsystem_pthread.dylib             0x00007ff81aad0857 thread_start + 15\n\nmyproject/lib/python3.9/site-packages/selenium/webdriver/remote/errorhandler.py:232: NoSuchElementException"}, "attachments": [{"name": "stdout", "source": "50dba93a-b2b9-4636-949a-13617ad76d5a-attachment.txt", "type": "text/plain"}], "start": 1759231474933, "stop": 1759231475058, "uuid": "06add865-e100-4c9e-aeb8-818c4616b25e", "historyId": "3ef96cce55ec56055783586ee53d30f7", "testCaseId": "3ef96cce55ec56055783586ee53d30f7", "fullName": "tests.test_alert#test_prompt_alert_dismiss", "labels": [{"name": "tag", "value": "alerts"}, {"name": "parentSuite", "value": "tests"}, {"name": "suite", "value": "test_alert"}, {"name": "host", "value": "EU3146030016220.local"}, {"name": "thread", "value": "45418-MainThread"}, {"name": "framework", "value": "pytest"}, {"name": "language", "value": "cpython3"}, {"name": "package", "value": "tests.test_alert"}], "titlePath": ["tests", "test_alert.py"]}